#-----------------------------------------------------------
# Vivado v2018.2 (64-bit)
# SW Build 2258646 on Thu Jun 14 20:03:12 MDT 2018
# IP Build 2256618 on Thu Jun 14 22:10:49 MDT 2018
# Start of session at: Thu Jan 18 20:41:52 2024
# Process ID: 6152
# Current directory: D:/FPGA/8bitALU_orig01
# Command line: vivado.exe -gui_launcher_event rodinguilauncherevent19196 D:\FPGA\8bitALU_orig01\8bitALU_orig01.xpr
# Log file: D:/FPGA/8bitALU_orig01/vivado.log
# Journal file: D:/FPGA/8bitALU_orig01\vivado.jou
#-----------------------------------------------------------
start_gui
open_project D:/FPGA/8bitALU_orig01/8bitALU_orig01.xpr
Scanning sources...
Finished scanning sources
INFO: [IP_Flow 19-234] Refreshing IP repositories
INFO: [IP_Flow 19-1704] No user IP repositories specified
INFO: [IP_Flow 19-2313] Loaded Vivado IP repository 'D:/Xilinx/Vivado/2018.2/data/ip'.
open_project: Time (s): cpu = 00:00:10 ; elapsed = 00:00:05 . Memory (MB): peak = 947.438 ; gain = 201.805
update_compile_order -fileset sources_1
reset_run synth_2
WARNING: [Vivado 12-1017] Problems encountered:
1. Failed to delete one or more files in run directory D:/FPGA/8bitALU_orig01/8bitALU_orig01.runs/synth_2

launch_runs synth_2 -jobs 4
[Thu Jan 18 21:08:26 2024] Launched synth_2...
Run output will be captured here: D:/FPGA/8bitALU_orig01/8bitALU_orig01.runs/synth_2/runme.log
reset_run synth_2
WARNING: [Vivado 12-1017] Problems encountered:
1. Failed to delete one or more files in run directory D:/FPGA/8bitALU_orig01/8bitALU_orig01.runs/synth_2

launch_runs synth_2 -jobs 4
[Thu Jan 18 21:10:13 2024] Launched synth_2...
Run output will be captured here: D:/FPGA/8bitALU_orig01/8bitALU_orig01.runs/synth_2/runme.log
reset_run synth_2
WARNING: [Vivado 12-1017] Problems encountered:
1. Failed to delete one or more files in run directory D:/FPGA/8bitALU_orig01/8bitALU_orig01.runs/synth_2

launch_runs synth_2 -jobs 4
[Thu Jan 18 21:11:19 2024] Launched synth_2...
Run output will be captured here: D:/FPGA/8bitALU_orig01/8bitALU_orig01.runs/synth_2/runme.log
reset_run synth_2
WARNING: [Vivado 12-1017] Problems encountered:
1. Failed to delete one or more files in run directory D:/FPGA/8bitALU_orig01/8bitALU_orig01.runs/synth_2

launch_runs synth_2 -jobs 4
[Thu Jan 18 21:11:49 2024] Launched synth_2...
Run output will be captured here: D:/FPGA/8bitALU_orig01/8bitALU_orig01.runs/synth_2/runme.log
reset_run synth_2
WARNING: [Vivado 12-1017] Problems encountered:
1. Failed to delete one or more files in run directory D:/FPGA/8bitALU_orig01/8bitALU_orig01.runs/synth_2

launch_runs synth_2 -jobs 4
[Thu Jan 18 21:13:25 2024] Launched synth_2...
Run output will be captured here: D:/FPGA/8bitALU_orig01/8bitALU_orig01.runs/synth_2/runme.log
reset_run synth_2
WARNING: [Vivado 12-1017] Problems encountered:
1. Failed to delete one or more files in run directory D:/FPGA/8bitALU_orig01/8bitALU_orig01.runs/synth_2

launch_runs synth_2 -jobs 4
[Thu Jan 18 21:14:06 2024] Launched synth_2...
Run output will be captured here: D:/FPGA/8bitALU_orig01/8bitALU_orig01.runs/synth_2/runme.log
reset_run synth_2
WARNING: [Vivado 12-1017] Problems encountered:
1. Failed to delete one or more files in run directory D:/FPGA/8bitALU_orig01/8bitALU_orig01.runs/synth_2

launch_runs synth_2 -jobs 4
[Thu Jan 18 21:15:51 2024] Launched synth_2...
Run output will be captured here: D:/FPGA/8bitALU_orig01/8bitALU_orig01.runs/synth_2/runme.log
launch_runs impl_2 -jobs 4
[Thu Jan 18 21:16:31 2024] Launched impl_2...
Run output will be captured here: D:/FPGA/8bitALU_orig01/8bitALU_orig01.runs/impl_2/runme.log
reset_run synth_2
launch_runs synth_2 -jobs 4
[Thu Jan 18 21:17:06 2024] Launched synth_2...
Run output will be captured here: D:/FPGA/8bitALU_orig01/8bitALU_orig01.runs/synth_2/runme.log
exit
INFO: [Common 17-206] Exiting Vivado at Thu Jan 18 21:17:57 2024...
